training bigram <s> a
training bigram a a
training bigram a b
training bigram b c
training bigram c </s>
training unigram <s>
training unigram a
training unigram a
training unigram b
training unigram c
training unigram </s>
total N 5
 processing <s> a
 bigram_counts[ <s> a ] 1
 bigram prob  0.5 smoothed prob 0.7
<s> a 0.7

 processing a a
 bigram_counts[ a a ] 1
 bigram prob  0.25 smoothed prob 0.45
a a 0.45

 processing a d
oov: d skipping

 processing d a
 unseen context, unigram 0.4
d a 0.4

 processing a </s>
 unseen bigram
 bigram prob  0 smoothed prob 0.1
a </s> 0.1

n 4 logprob -4.37405846502 pp 2.98474589601
